<?xml version="1.0" encoding="UTF-8"?>
<testng-results skipped="0" failed="0" ignored="0" total="0" passed="0">
  <reporter-output>
  </reporter-output>
  <suite name="All Test Suite" duration-ms="11" started-at="2021-10-23T13:43:21 EDT" finished-at="2021-10-23T13:43:21 EDT">
    <groups>
    </groups>
    <test name="C:/Users/young/IdeaProjects/TestNgFrameworkB10/src/test/java/tetscases/AddEmployeeTest" duration-ms="11" started-at="2021-10-23T13:43:21 EDT" finished-at="2021-10-23T13:43:21 EDT">
    </test> <!-- C:/Users/young/IdeaProjects/TestNgFrameworkB10/src/test/java/tetscases/AddEmployeeTest -->
  </suite> <!-- All Test Suite -->
</testng-results>
